\BOOKMARK [1][-]{section.1}{\376\377\000I\000n\000t\000r\000o\000d\000u\000c\000t\000i\000o\000n}{}% 1
\BOOKMARK [2][-]{subsection.1.1}{\376\377\000T\000h\000e\000\040\000F\000u\000n\000d\000a\000m\000e\000n\000t\000a\000l\000\040\000Q\000u\000e\000s\000t\000i\000o\000n}{section.1}% 2
\BOOKMARK [2][-]{subsection.1.2}{\376\377\000P\000h\000i\000l\000o\000s\000o\000p\000h\000i\000c\000a\000l\000\040\000F\000o\000u\000n\000d\000a\000t\000i\000o\000n}{section.1}% 3
\BOOKMARK [2][-]{subsection.1.3}{\376\377\000C\000o\000n\000t\000r\000i\000b\000u\000t\000i\000o\000n\000s}{section.1}% 4
\BOOKMARK [1][-]{section.2}{\376\377\000M\000a\000t\000h\000e\000m\000a\000t\000i\000c\000a\000l\000\040\000F\000o\000r\000m\000a\000l\000i\000z\000a\000t\000i\000o\000n\000\040\000o\000f\000\040\000E\000p\000i\000s\000t\000e\000m\000i\000c\000\040\000S\000p\000a\000c\000e}{}% 5
\BOOKMARK [2][-]{subsection.2.1}{\376\377\000E\000p\000i\000s\000t\000e\000m\000i\000c\000\040\000S\000t\000a\000t\000e\000\040\000S\000p\000a\000c\000e}{section.2}% 6
\BOOKMARK [2][-]{subsection.2.2}{\376\377\000E\000p\000i\000s\000t\000e\000m\000i\000c\000\040\000D\000e\000n\000s\000i\000t\000y\000\040\000F\000i\000e\000l\000d}{section.2}% 7
\BOOKMARK [2][-]{subsection.2.3}{\376\377\000E\000p\000i\000s\000t\000e\000m\000i\000c\000\040\000M\000e\000t\000r\000i\000c}{section.2}% 8
\BOOKMARK [2][-]{subsection.2.4}{\376\377\000F\000u\000n\000d\000a\000m\000e\000n\000t\000a\000l\000\040\000O\000p\000e\000r\000a\000t\000o\000r\000s}{section.2}% 9
\BOOKMARK [1][-]{section.3}{\376\377\000T\000h\000e\000\040\000P\000r\000i\000n\000c\000i\000p\000l\000e\000\040\000o\000f\000\040\000M\000i\000n\000i\000m\000a\000l\000\040\000I\000n\000f\000o\000r\000m\000a\000t\000i\000o\000n\000a\000l\000\040\000A\000c\000t\000i\000o\000n}{}% 10
\BOOKMARK [2][-]{subsection.3.1}{\376\377\000I\000n\000f\000o\000r\000m\000a\000t\000i\000o\000n\000a\000l\000\040\000A\000c\000t\000i\000o\000n\000\040\000F\000u\000n\000c\000t\000i\000o\000n\000a\000l}{section.3}% 11
\BOOKMARK [2][-]{subsection.3.2}{\376\377\000V\000a\000r\000i\000a\000t\000i\000o\000n\000a\000l\000\040\000D\000e\000r\000i\000v\000a\000t\000i\000o\000n}{section.3}% 12
\BOOKMARK [2][-]{subsection.3.3}{\376\377\000P\000h\000y\000s\000i\000c\000a\000l\000\040\000I\000n\000t\000e\000r\000p\000r\000e\000t\000a\000t\000i\000o\000n}{section.3}% 13
\BOOKMARK [1][-]{section.4}{\376\377\000O\000n\000t\000o\000l\000o\000g\000i\000c\000a\000l\000\040\000I\000n\000t\000e\000r\000p\000r\000e\000t\000a\000t\000i\000o\000n\000\040\000o\000f\000\040\000P\000a\000r\000a\000m\000e\000t\000e\000r\000s}{}% 14
\BOOKMARK [2][-]{subsection.4.1}{\376\377\000T\000h\000e\000\040\000T\000r\000i\000a\000d\000i\000c\000\040\000L\000a\000w\000\040\000o\000f\000\040\000I\000n\000f\000o\000r\000m\000a\000t\000i\000o\000n\000a\000l\000\040\000B\000e\000i\000n\000g}{section.4}% 15
\BOOKMARK [3][-]{subsubsection.4.1.1}{\376\377\000D\000i\000f\000f\000u\000s\000i\000o\000n\000\040\000C\000o\000n\000s\000t\000a\000n\000t\000\040\000\050\000D\000\051\000:\000\040\000C\000o\000m\000m\000u\000n\000i\000c\000a\000b\000i\000l\000i\000t\000y}{subsection.4.1}% 16
\BOOKMARK [3][-]{subsubsection.4.1.2}{\376\377\000C\000r\000e\000a\000t\000i\000o\000n\000\040\000R\000a\000t\000e\000\040\000\050\000\051\000:\000\040\000G\000e\000n\000e\000r\000a\000t\000i\000v\000e\000\040\000P\000o\000w\000e\000r}{subsection.4.1}% 17
\BOOKMARK [3][-]{subsubsection.4.1.3}{\376\377\000D\000i\000s\000s\000i\000p\000a\000t\000i\000o\000n\000\040\000C\000o\000e\000f\000f\000i\000c\000i\000e\000n\000t\000\040\000\050\000\051\000:\000\040\000F\000r\000a\000g\000i\000l\000i\000t\000y}{subsection.4.1}% 18
\BOOKMARK [2][-]{subsection.4.2}{\376\377\000O\000n\000t\000o\000l\000o\000g\000i\000c\000a\000l\000\040\000E\000q\000u\000a\000t\000i\000o\000n\000\040\000o\000f\000\040\000B\000e\000i\000n\000g}{section.4}% 19
\BOOKMARK [1][-]{section.5}{\376\377\000N\000u\000m\000e\000r\000i\000c\000a\000l\000\040\000I\000m\000p\000l\000e\000m\000e\000n\000t\000a\000t\000i\000o\000n}{}% 20
\BOOKMARK [2][-]{subsection.5.1}{\376\377\000D\000i\000s\000c\000r\000e\000t\000i\000z\000a\000t\000i\000o\000n\000\040\000S\000c\000h\000e\000m\000e}{section.5}% 21
\BOOKMARK [1][-]{section.6}{\376\377\000E\000m\000p\000i\000r\000i\000c\000a\000l\000\040\000V\000a\000l\000i\000d\000a\000t\000i\000o\000n\000\040\000w\000i\000t\000h\000\040\000R\000e\000a\000l\000-\000W\000o\000r\000l\000d\000\040\000D\000a\000t\000a}{}% 22
\BOOKMARK [2][-]{subsection.6.1}{\376\377\000D\000a\000t\000a\000\040\000S\000o\000u\000r\000c\000e\000s\000\040\000a\000n\000d\000\040\000M\000e\000t\000h\000o\000d\000o\000l\000o\000g\000y}{section.6}% 23
\BOOKMARK [2][-]{subsection.6.2}{\376\377\000C\000a\000s\000e\000\040\000S\000t\000u\000d\000y\000\040\0001\000:\000\040\000C\000O\000V\000I\000D\000-\0001\0009\000\040\000I\000n\000f\000o\000r\000m\000a\000t\000i\000o\000n\000\040\000S\000p\000r\000e\000a\000d\000\040\000\050\0002\0000\0002\0000\000\051}{section.6}% 24
\BOOKMARK [2][-]{subsection.6.3}{\376\377\000C\000a\000s\000e\000\040\000S\000t\000u\000d\000y\000\040\0002\000:\000\040\000D\000e\000e\000p\000\040\000L\000e\000a\000r\000n\000i\000n\000g\000\040\000A\000d\000o\000p\000t\000i\000o\000n\000\040\000\050\0002\0000\0001\0002\040\023\0002\0000\0002\0004\000\051}{section.6}% 25
\BOOKMARK [2][-]{subsection.6.4}{\376\377\000C\000a\000s\000e\000\040\000S\000t\000u\000d\000y\000\040\0003\000:\000\040\000B\000i\000t\000c\000o\000i\000n\000\040\000A\000w\000a\000r\000e\000n\000e\000s\000s\000\040\000\050\0002\0000\0000\0009\040\023\0002\0000\0002\0004\000\051}{section.6}% 26
\BOOKMARK [2][-]{subsection.6.5}{\376\377\000C\000a\000s\000e\000\040\000S\000t\000u\000d\000y\000\040\0004\000:\000\040\000C\000l\000i\000m\000a\000t\000e\000\040\000C\000h\000a\000n\000g\000e\000\040\000A\000w\000a\000r\000e\000n\000e\000s\000s\000\040\000\050\0001\0009\0009\0000\040\023\0002\0000\0002\0004\000\051}{section.6}% 27
\BOOKMARK [2][-]{subsection.6.6}{\376\377\000S\000u\000m\000m\000a\000r\000y\000\040\000S\000t\000a\000t\000i\000s\000t\000i\000c\000s}{section.6}% 28
\BOOKMARK [1][-]{section.7}{\376\377\000V\000i\000s\000u\000a\000l\000i\000z\000a\000t\000i\000o\000n\000\040\000a\000n\000d\000\040\000A\000n\000a\000l\000y\000s\000i\000s}{}% 29
\BOOKMARK [1][-]{section.8}{\376\377\000I\000n\000t\000e\000r\000d\000i\000s\000c\000i\000p\000l\000i\000n\000a\000r\000y\000\040\000I\000m\000p\000l\000i\000c\000a\000t\000i\000o\000n\000s}{}% 30
\BOOKMARK [2][-]{subsection.8.1}{\376\377\000P\000h\000y\000s\000i\000c\000s}{section.8}% 31
\BOOKMARK [3][-]{subsubsection.8.1.1}{\376\377\000T\000h\000e\000r\000m\000o\000d\000y\000n\000a\000m\000i\000c\000s\000\040\000o\000f\000\040\000I\000n\000f\000o\000r\000m\000a\000t\000i\000o\000n}{subsection.8.1}% 32
\BOOKMARK [3][-]{subsubsection.8.1.2}{\376\377\000C\000o\000s\000m\000o\000l\000o\000g\000i\000c\000a\000l\000\040\000H\000o\000r\000i\000z\000o\000n\000s}{subsection.8.1}% 33
\BOOKMARK [2][-]{subsection.8.2}{\376\377\000P\000h\000i\000l\000o\000s\000o\000p\000h\000y}{section.8}% 34
\BOOKMARK [3][-]{subsubsection.8.2.1}{\376\377\000O\000n\000t\000o\000l\000o\000g\000y\000\040\000o\000f\000\040\000I\000n\000f\000o\000r\000m\000a\000t\000i\000o\000n}{subsection.8.2}% 35
\BOOKMARK [3][-]{subsubsection.8.2.2}{\376\377\000P\000l\000a\000t\000o\000n\000i\000s\000m\000\040\000v\000s\000.\000\040\000N\000o\000m\000i\000n\000a\000l\000i\000s\000m}{subsection.8.2}% 36
\BOOKMARK [3][-]{subsubsection.8.2.3}{\376\377\000D\000i\000s\000t\000r\000i\000b\000u\000t\000e\000d\000\040\000E\000p\000i\000s\000t\000e\000m\000o\000l\000o\000g\000y}{subsection.8.2}% 37
\BOOKMARK [3][-]{subsubsection.8.2.4}{\376\377\000P\000e\000r\000s\000o\000n\000a\000l\000\040\000I\000d\000e\000n\000t\000i\000t\000y}{subsection.8.2}% 38
\BOOKMARK [3][-]{subsubsection.8.2.5}{\376\377\000E\000p\000i\000s\000t\000e\000m\000i\000c\000\040\000I\000m\000m\000o\000r\000t\000a\000l\000i\000t\000y}{subsection.8.2}% 39
\BOOKMARK [2][-]{subsection.8.3}{\376\377\000C\000o\000m\000p\000u\000t\000e\000r\000\040\000S\000c\000i\000e\000n\000c\000e\000\040\000a\000n\000d\000\040\000A\000I}{section.8}% 40
\BOOKMARK [3][-]{subsubsection.8.3.1}{\376\377\000A\000I\000\040\000a\000s\000\040\000D\000i\000f\000f\000u\000s\000i\000o\000n\000\040\000A\000c\000c\000e\000l\000e\000r\000a\000t\000o\000r\000s}{subsection.8.3}% 41
\BOOKMARK [3][-]{subsubsection.8.3.2}{\376\377\000T\000h\000e\000\040\000C\000r\000e\000a\000t\000i\000o\000n\000\040\000Q\000u\000e\000s\000t\000i\000o\000n}{subsection.8.3}% 42
\BOOKMARK [2][-]{subsection.8.4}{\376\377\000S\000o\000c\000i\000o\000l\000o\000g\000y\000\040\000a\000n\000d\000\040\000P\000o\000l\000i\000c\000y}{section.8}% 43
\BOOKMARK [3][-]{subsubsection.8.4.1}{\376\377\000E\000p\000i\000s\000t\000e\000m\000i\000c\000\040\000I\000n\000e\000q\000u\000a\000l\000i\000t\000y}{subsection.8.4}% 44
\BOOKMARK [3][-]{subsubsection.8.4.2}{\376\377\000E\000p\000i\000s\000t\000e\000m\000i\000c\000\040\000R\000i\000g\000h\000t\000s}{subsection.8.4}% 45
\BOOKMARK [3][-]{subsubsection.8.4.3}{\376\377\000I\000n\000f\000o\000r\000m\000a\000t\000i\000o\000n\000a\000l\000\040\000W\000a\000r\000f\000a\000r\000e}{subsection.8.4}% 46
\BOOKMARK [1][-]{section.9}{\376\377\000F\000u\000t\000u\000r\000e\000\040\000D\000i\000r\000e\000c\000t\000i\000o\000n\000s\000\040\000a\000n\000d\000\040\000E\000x\000t\000e\000n\000s\000i\000o\000n\000s}{}% 47
\BOOKMARK [2][-]{subsection.9.1}{\376\377\000M\000u\000l\000t\000i\000p\000l\000e\000\040\000S\000p\000e\000c\000i\000e\000s\000\040\000o\000f\000\040\000K\000n\000o\000w\000l\000e\000d\000g\000e}{section.9}% 48
\BOOKMARK [2][-]{subsection.9.2}{\376\377\000A\000g\000e\000n\000t\000-\000B\000a\000s\000e\000d\000\040\000M\000o\000d\000e\000l\000i\000n\000g}{section.9}% 49
\BOOKMARK [2][-]{subsection.9.3}{\376\377\000R\000e\000l\000a\000t\000i\000v\000i\000s\000t\000i\000c\000\040\000E\000x\000t\000e\000n\000s\000i\000o\000n\000s}{section.9}% 50
\BOOKMARK [2][-]{subsection.9.4}{\376\377\000Q\000u\000a\000n\000t\000u\000m\000\040\000E\000p\000i\000s\000t\000e\000m\000o\000l\000o\000g\000y}{section.9}% 51
\BOOKMARK [2][-]{subsection.9.5}{\376\377\000N\000o\000n\000l\000i\000n\000e\000a\000r\000\040\000D\000y\000n\000a\000m\000i\000c\000s}{section.9}% 52
\BOOKMARK [1][-]{section.10}{\376\377\000C\000o\000n\000c\000l\000u\000s\000i\000o\000n}{}% 53
\BOOKMARK [2][-]{subsection.10.1}{\376\377\000S\000u\000m\000m\000a\000r\000y\000\040\000o\000f\000\040\000C\000o\000n\000t\000r\000i\000b\000u\000t\000i\000o\000n\000s}{section.10}% 54
\BOOKMARK [2][-]{subsection.10.2}{\376\377\000P\000h\000i\000l\000o\000s\000o\000p\000h\000i\000c\000a\000l\000\040\000R\000e\000f\000l\000e\000c\000t\000i\000o\000n}{section.10}% 55
\BOOKMARK [2][-]{subsection.10.3}{\376\377\000P\000r\000a\000c\000t\000i\000c\000a\000l\000\040\000I\000m\000p\000a\000c\000t}{section.10}% 56
\BOOKMARK [2][-]{subsection.10.4}{\376\377\000T\000h\000e\000\040\000O\000n\000t\000o\000l\000o\000g\000y\000\040\000o\000f\000\040\000R\000e\000s\000i\000s\000t\000a\000n\000c\000e\000\040\000a\000n\000d\000\040\000S\000a\000l\000v\000a\000t\000i\000o\000n}{section.10}% 57
\BOOKMARK [2][-]{subsection.10.5}{\376\377\000F\000i\000n\000a\000l\000\040\000W\000o\000r\000d\000s}{section.10}% 58
